c:\users\leoni\onedrive\desktop\jarekfinal\game\gfc\debug\vc143.pdb
c:\users\leoni\onedrive\desktop\jarekfinal\game\gfc\debug\vc143.idb
c:\users\leoni\onedrive\desktop\jarekfinal\game\gfc\debug\spritetext.obj
c:\users\leoni\onedrive\desktop\jarekfinal\game\gfc\debug\spriterect.obj
c:\users\leoni\onedrive\desktop\jarekfinal\game\gfc\debug\spriteoval.obj
c:\users\leoni\onedrive\desktop\jarekfinal\game\gfc\debug\sprite.obj
c:\users\leoni\onedrive\desktop\jarekfinal\game\gfc\debug\sound.obj
c:\users\leoni\onedrive\desktop\jarekfinal\game\gfc\debug\sdl_collide.obj
c:\users\leoni\onedrive\desktop\jarekfinal\game\gfc\debug\graphics.obj
c:\users\leoni\onedrive\desktop\jarekfinal\game\gfc\debug\gameapp.obj
c:\users\leoni\onedrive\desktop\jarekfinal\game\gfc\debug\game.obj
c:\users\leoni\onedrive\desktop\jarekfinal\game\gfc\debug\dllmain.obj
c:\users\leoni\onedrive\desktop\jarekfinal\debug\gfc.dll
c:\users\leoni\onedrive\desktop\jarekfinal\debug\gfc.pdb
c:\users\leoni\onedrive\desktop\jarekfinal\debug\gfc.lib
c:\users\leoni\onedrive\desktop\jarekfinal\debug\gfc.exp
c:\users\leoni\onedrive\desktop\jarekfinal\game\gfc\debug\gfc.ilk
c:\users\leoni\onedrive\desktop\jarekfinal\game\gfc\debug\gfc.tlog\cl.command.1.tlog
c:\users\leoni\onedrive\desktop\jarekfinal\game\gfc\debug\gfc.tlog\cl.items.tlog
c:\users\leoni\onedrive\desktop\jarekfinal\game\gfc\debug\gfc.tlog\cl.read.1.tlog
c:\users\leoni\onedrive\desktop\jarekfinal\game\gfc\debug\gfc.tlog\cl.write.1.tlog
c:\users\leoni\onedrive\desktop\jarekfinal\game\gfc\debug\gfc.tlog\link.command.1.tlog
c:\users\leoni\onedrive\desktop\jarekfinal\game\gfc\debug\gfc.tlog\link.read.1.tlog
c:\users\leoni\onedrive\desktop\jarekfinal\game\gfc\debug\gfc.tlog\link.secondary.1.tlog
c:\users\leoni\onedrive\desktop\jarekfinal\game\gfc\debug\gfc.tlog\link.write.1.tlog
