c:\users\leoni\onedrive\desktop\jarekfinal\game\debug\vc143.pdb
c:\users\leoni\onedrive\desktop\jarekfinal\game\debug\vc143.idb
c:\users\leoni\onedrive\desktop\jarekfinal\game\debug\map.obj
c:\users\leoni\onedrive\desktop\jarekfinal\game\debug\mygame.obj
c:\users\leoni\onedrive\desktop\jarekfinal\game\debug\main.obj
c:\users\leoni\onedrive\desktop\jarekfinal\game\debug\playerinterface.obj
c:\users\leoni\onedrive\desktop\jarekfinal\game\debug\playerentity.obj
c:\users\leoni\onedrive\desktop\jarekfinal\game\debug\inventory.obj
c:\users\leoni\onedrive\desktop\jarekfinal\game\debug\entityweapon.obj
c:\users\leoni\onedrive\desktop\jarekfinal\game\debug\entityphysic.obj
c:\users\leoni\onedrive\desktop\jarekfinal\game\debug\entityanimation.obj
c:\users\leoni\onedrive\desktop\jarekfinal\game\debug\game.pch
c:\users\leoni\onedrive\desktop\jarekfinal\debug\game.exe
c:\users\leoni\onedrive\desktop\jarekfinal\debug\game.pdb
c:\users\leoni\onedrive\desktop\jarekfinal\game\debug\game.ilk
c:\users\leoni\onedrive\desktop\jarekfinal\game\debug\stdafx.obj
c:\users\leoni\onedrive\desktop\jarekfinal\game\debug\game.tlog\cl.command.1.tlog
c:\users\leoni\onedrive\desktop\jarekfinal\game\debug\game.tlog\cl.items.tlog
c:\users\leoni\onedrive\desktop\jarekfinal\game\debug\game.tlog\cl.read.1.tlog
c:\users\leoni\onedrive\desktop\jarekfinal\game\debug\game.tlog\cl.write.1.tlog
c:\users\leoni\onedrive\desktop\jarekfinal\game\debug\game.tlog\link.command.1.tlog
c:\users\leoni\onedrive\desktop\jarekfinal\game\debug\game.tlog\link.read.1.tlog
c:\users\leoni\onedrive\desktop\jarekfinal\game\debug\game.tlog\link.secondary.1.tlog
c:\users\leoni\onedrive\desktop\jarekfinal\game\debug\game.tlog\link.write.1.tlog
